npm warn exec The following package was not found and will be installed: inngest-cli@1.13.7
{"time":"2025-11-21T02:52:26.118025Z","level":"INFO","msg":"starting executor grpc server","svc":"executor","addr":":50053"}
{"time":"2025-11-21T02:52:26.118863Z","level":"INFO","msg":"service starting","caller":"executor","service":"executor"}
{"time":"2025-11-21T02:52:26.118864Z","level":"INFO","msg":"service starting","caller":"devserver","service":"devserver"}
{"time":"2025-11-21T02:52:26.118941Z","level":"INFO","msg":"subscribing to function queue"}
{"time":"2025-11-21T02:52:26.118937Z","level":"INFO","msg":"starting event stream","backend":"redis"}
{"time":"2025-11-21T02:52:26.118967Z","level":"INFO","msg":"autodiscovering locally hosted SDKs"}
{"time":"2025-11-21T02:52:26.118994Z","level":"INFO","msg":"service starting","caller":"runner","service":"runner"}
{"time":"2025-11-21T02:52:26.119463Z","level":"INFO","msg":"service starting","caller":"connect-gateway","service":"connect-gateway"}
{"time":"2025-11-21T02:52:26.119529Z","level":"INFO","msg":"starting connect gateway grpc server","caller":"connect-gateway","addr":":50052"}
{"time":"2025-11-21T02:52:26.119055Z","level":"INFO","msg":"service starting","caller":"api","service":"api"}
{"time":"2025-11-21T02:52:26.119641Z","level":"INFO","msg":"starting server","caller":"api","addr":"0.0.0.0:8288"}
{"time":"2025-11-21T02:52:26.122489Z","level":"INFO","msg":"subscribing to events","topic":"events"}
{"time":"2025-11-21T02:53:55.583963Z","level":"INFO","msg":"apps synced, disabling auto-discovery"}
{"time":"2025-11-21T04:09:32.297459Z","level":"INFO","msg":"publishing event","caller":"api","event_name":"scene/process.requested","internal_id":"01KAJ9MRC8HH0RJJYVNC237EB0","external_id":"01KAJ9MRC8HH0RJJYVNC237EB0","event":{"id":"01KAJ9MRC8HH0RJJYVNC237EB0","name":"scene/process.requested","data":{"projectId":"cmi7kw1330001siyste5aaklh","sceneId":"cmi7kwi090007siys0a35bnmz","userId":"cmi5d1zlj000asirppmyk00q3"},"ts":1763698172296}}
{"time":"2025-11-21T04:09:32.305266Z","level":"INFO","msg":"received event","event":"scene/process.requested","event_id":"01KAJ9MRC8HH0RJJYVNC237EB0","internal_id":"01KAJ9MRC8HH0RJJYVNC237EB0"}
{"time":"2025-11-21T04:09:32.305856Z","level":"INFO","msg":"initializing fn","event":"scene/process.requested","event_id":"01KAJ9MRC8HH0RJJYVNC237EB0","internal_id":"01KAJ9MRC8HH0RJJYVNC237EB0","function":"Scene Processor (Orchestrator)","function_id":"dafc04d8-a76c-5eda-95d4-ae327f704821"}
{"time":"2025-11-21T04:09:32.660203Z","level":"INFO","msg":"publishing event","caller":"api","event_name":"tts/generation.requested","internal_id":"01KAJ9MRQK1DHHZQS85RPTZ2E7","external_id":"01KAJ9MRQK1DHHZQS85RPTZ2E7","event":{"id":"01KAJ9MRQK1DHHZQS85RPTZ2E7","name":"tts/generation.requested","data":{"projectId":"cmi7kw1330001siyste5aaklh","sceneId":"cmi7kwi090007siys0a35bnmz","userId":"cmi5d1zlj000asirppmyk00q3"},"ts":1763698172659}}
{"time":"2025-11-21T04:09:32.812105Z","level":"INFO","msg":"received event","event":"tts/generation.requested","event_id":"01KAJ9MRQK1DHHZQS85RPTZ2E7","internal_id":"01KAJ9MRQK1DHHZQS85RPTZ2E7"}
{"time":"2025-11-21T04:09:32.812503Z","level":"INFO","msg":"initializing fn","event":"tts/generation.requested","event_id":"01KAJ9MRQK1DHHZQS85RPTZ2E7","internal_id":"01KAJ9MRQK1DHHZQS85RPTZ2E7","function":"tts-generator","function_id":"aea85702-419d-5e83-95fe-5dd38852ead8"}
{"time":"2025-11-21T04:09:36.261796Z","level":"INFO","msg":"publishing event","caller":"api","event_name":"tts/completed","internal_id":"01KAJ9MW85DSWW73CPMYNN8CTA","external_id":"01KAJ9MW85DSWW73CPMYNN8CTA","event":{"id":"01KAJ9MW85DSWW73CPMYNN8CTA","name":"tts/completed","data":{"assetId":"cmi8ccu700005si2nkqd1o4jw","audioUrl":"https://glusuxtjthdxdjblswbl.supabase.co/storage/v1/object/public/assets/projects/cmi7kw1330001siyste5aaklh/audio/scene_1_audio.mp3","projectId":"cmi7kw1330001siyste5aaklh","sceneId":"cmi7kwi090007siys0a35bnmz"},"ts":1763698176261}}
{"time":"2025-11-21T04:09:36.327191Z","level":"INFO","msg":"received event","event":"tts/completed","event_id":"01KAJ9MW85DSWW73CPMYNN8CTA","internal_id":"01KAJ9MW85DSWW73CPMYNN8CTA"}
{"time":"2025-11-21T04:09:36.432268Z","level":"INFO","msg":"publishing event","caller":"api","event_name":"avatar/generation.requested","internal_id":"01KAJ9MWDF9R9FW87H0CAZ01Y4","external_id":"01KAJ9MWDF9R9FW87H0CAZ01Y4","event":{"id":"01KAJ9MWDF9R9FW87H0CAZ01Y4","name":"avatar/generation.requested","data":{"projectId":"cmi7kw1330001siyste5aaklh","sceneId":"cmi7kwi090007siys0a35bnmz","userId":"cmi5d1zlj000asirppmyk00q3"},"ts":1763698176431}}
{"time":"2025-11-21T04:09:36.582749Z","level":"INFO","msg":"received event","event":"inngest/function.finished","event_id":"01KAJ9MWD3JX9ACE49RN0JGF1R","internal_id":"01KAJ9MWD3SFSJ7Y6N73A9KY92"}
{"time":"2025-11-21T04:09:36.583203Z","level":"INFO","msg":"received event","event":"avatar/generation.requested","event_id":"01KAJ9MWDF9R9FW87H0CAZ01Y4","internal_id":"01KAJ9MWDF9R9FW87H0CAZ01Y4"}
{"time":"2025-11-21T04:09:36.583513Z","level":"INFO","msg":"initializing fn","event":"avatar/generation.requested","event_id":"01KAJ9MWDF9R9FW87H0CAZ01Y4","internal_id":"01KAJ9MWDF9R9FW87H0CAZ01Y4","function":"avatar-generator","function_id":"1f3c3658-49f2-5c36-b37c-31a1c292b887"}
{"time":"2025-11-21T04:09:43.159099Z","level":"INFO","msg":"publishing event","caller":"api","event_name":"avatar/polling.requested","internal_id":"01KAJ9N2ZNRCGMTRND0X8W9M22","external_id":"01KAJ9N2ZNRCGMTRND0X8W9M22","event":{"id":"01KAJ9N2ZNRCGMTRND0X8W9M22","name":"avatar/polling.requested","data":{"maxAttempts":20,"sceneId":"cmi7kwi090007siys0a35bnmz","talkId":"tlk_j7ALEM4or99Vg5SpZrY90"},"ts":1763698183157}}
{"time":"2025-11-21T04:09:43.353608Z","level":"INFO","msg":"received event","event":"inngest/function.finished","event_id":"01KAJ9N34F29F7XHT2DNTNMS9G","internal_id":"01KAJ9N34FXSWCT1K0Y6VSVA0F"}
{"time":"2025-11-21T04:09:43.35397Z","level":"INFO","msg":"received event","event":"avatar/polling.requested","event_id":"01KAJ9N2ZNRCGMTRND0X8W9M22","internal_id":"01KAJ9N2ZNRCGMTRND0X8W9M22"}
{"time":"2025-11-21T04:09:43.354186Z","level":"INFO","msg":"initializing fn","event":"avatar/polling.requested","event_id":"01KAJ9N2ZNRCGMTRND0X8W9M22","internal_id":"01KAJ9N2ZNRCGMTRND0X8W9M22","function":"avatar-polling","function_id":"a7215d64-501e-5c38-b024-ee890083a2e3"}
{"time":"2025-11-21T04:09:49.156698Z","level":"INFO","msg":"publishing event","caller":"api","event_name":"avatar/polling.requested","internal_id":"01KAJ9N8V4T29W25ASHGTR82QX","external_id":"01KAJ9N8V4T29W25ASHGTR82QX","event":{"id":"01KAJ9N8V4T29W25ASHGTR82QX","name":"avatar/polling.requested","data":{"currentAttempt":2,"maxAttempts":20,"sceneId":"cmi7kwi090007siys0a35bnmz","talkId":"tlk_j7ALEM4or99Vg5SpZrY90"},"ts":1763698189156}}
{"time":"2025-11-21T04:09:49.37989Z","level":"INFO","msg":"received event","event":"avatar/polling.requested","event_id":"01KAJ9N8V4T29W25ASHGTR82QX","internal_id":"01KAJ9N8V4T29W25ASHGTR82QX"}
{"time":"2025-11-21T04:09:49.380194Z","level":"INFO","msg":"initializing fn","event":"avatar/polling.requested","event_id":"01KAJ9N8V4T29W25ASHGTR82QX","internal_id":"01KAJ9N8V4T29W25ASHGTR82QX","function":"avatar-polling","function_id":"a7215d64-501e-5c38-b024-ee890083a2e3"}
{"time":"2025-11-21T04:09:49.381007Z","level":"INFO","msg":"received event","event":"inngest/function.finished","event_id":"01KAJ9N900D3PH8QB83G1FAHGK","internal_id":"01KAJ9N900BF22DT6Y5D31EK8P"}
{"time":"2025-11-21T04:09:59.517399Z","level":"INFO","msg":"publishing event","caller":"api","event_name":"avatar/completed","internal_id":"01KAJ9NJYW9Q6S4ER7D359GNBQ","external_id":"01KAJ9NJYW9Q6S4ER7D359GNBQ","event":{"id":"01KAJ9NJYW9Q6S4ER7D359GNBQ","name":"avatar/completed","data":{"assetId":"cmi8cdc4q0009si2nnrwdyibj","projectId":"cmi7kw1330001siyste5aaklh","sceneId":"cmi7kwi090007siys0a35bnmz","videoUrl":"https://glusuxtjthdxdjblswbl.supabase.co/storage/v1/object/public/assets/projects/cmi7kw1330001siyste5aaklh/avatars/scene_1_avatar.mp4"},"ts":1763698199516}}
{"time":"2025-11-21T04:09:59.662097Z","level":"INFO","msg":"received event","event":"avatar/completed","event_id":"01KAJ9NJYW9Q6S4ER7D359GNBQ","internal_id":"01KAJ9NJYW9Q6S4ER7D359GNBQ"}
{"time":"2025-11-21T04:09:59.666059Z","level":"INFO","msg":"received event","event":"inngest/function.finished","event_id":"01KAJ9NK3ESPXXHG92ME3B0KZ5","internal_id":"01KAJ9NK3EHP21TR73DZCF2SYF"}
{"time":"2025-11-21T04:09:59.811744Z","level":"INFO","msg":"publishing event","caller":"api","event_name":"background/generation.requested","internal_id":"01KAJ9NK82938NEF088RQZYJZV","external_id":"01KAJ9NK82938NEF088RQZYJZV","event":{"id":"01KAJ9NK82938NEF088RQZYJZV","name":"background/generation.requested","data":{"projectId":"cmi7kw1330001siyste5aaklh","sceneId":"cmi7kwi090007siys0a35bnmz","userId":"cmi5d1zlj000asirppmyk00q3"},"ts":1763698199810}}
{"time":"2025-11-21T04:09:59.917652Z","level":"INFO","msg":"received event","event":"background/generation.requested","event_id":"01KAJ9NK82938NEF088RQZYJZV","internal_id":"01KAJ9NK82938NEF088RQZYJZV"}
{"time":"2025-11-21T04:09:59.917933Z","level":"INFO","msg":"initializing fn","event":"background/generation.requested","event_id":"01KAJ9NK82938NEF088RQZYJZV","internal_id":"01KAJ9NK82938NEF088RQZYJZV","function":"background-generator","function_id":"e5229485-fc14-5fe8-9848-929c5bc10d49"}
{"time":"2025-11-21T04:10:00.860315Z","level":"INFO","msg":"publishing event","caller":"api","event_name":"veo/generation.requested","internal_id":"01KAJ9NM8VBMRGMP8JJ7ADAY35","external_id":"01KAJ9NM8VBMRGMP8JJ7ADAY35","event":{"id":"01KAJ9NM8VBMRGMP8JJ7ADAY35","name":"veo/generation.requested","data":{"imageAssetId":"cmi8cdd69000bsi2n5gn4my64","imageUrl":"https://glusuxtjthdxdjblswbl.supabase.co/storage/v1/object/public/assets/projects/cmi7kw1330001siyste5aaklh/backgrounds/scene_1_background.png","sceneId":"cmi7kwi090007siys0a35bnmz","videoPrompt":"Slow zoom in on the title slide, subtle light shift, professional and clean animation, 8 seconds duration"},"ts":1763698200859}}
{"time":"2025-11-21T04:10:00.923167Z","level":"INFO","msg":"received event","event":"veo/generation.requested","event_id":"01KAJ9NM8VBMRGMP8JJ7ADAY35","internal_id":"01KAJ9NM8VBMRGMP8JJ7ADAY35"}
{"time":"2025-11-21T04:10:00.923779Z","level":"INFO","msg":"initializing fn","event":"veo/generation.requested","event_id":"01KAJ9NM8VBMRGMP8JJ7ADAY35","internal_id":"01KAJ9NM8VBMRGMP8JJ7ADAY35","function":"veo-video-generator","function_id":"4b8f2ed2-38fa-5c76-af9d-34e6d3357976"}
{"time":"2025-11-21T04:10:01.176366Z","level":"INFO","msg":"received event","event":"inngest/function.finished","event_id":"01KAJ9NME1T5FS2TEYQGX3NBN8","internal_id":"01KAJ9NME1GEAPMV2KA4HHZGA8"}
{"time":"2025-11-21T04:10:03.107494Z","level":"INFO","msg":"publishing event","caller":"api","event_name":"veo/polling.requested","internal_id":"01KAJ9NPF20A022RGJM7G4MX00","external_id":"01KAJ9NPF20A022RGJM7G4MX00","event":{"id":"01KAJ9NPF20A022RGJM7G4MX00","name":"veo/polling.requested","data":{"maxAttempts":120,"operationName":"projects/bold-network-478100-e6/locations/us-central1/publishers/google/models/veo-3.0-fast-generate-001/operations/7e178842-48f7-4984-b105-6a8e5df7177e","sceneId":"cmi7kwi090007siys0a35bnmz"},"ts":1763698203106}}
{"time":"2025-11-21T04:10:03.183888Z","level":"INFO","msg":"received event","event":"veo/polling.requested","event_id":"01KAJ9NPF20A022RGJM7G4MX00","internal_id":"01KAJ9NPF20A022RGJM7G4MX00"}
{"time":"2025-11-21T04:10:03.184191Z","level":"INFO","msg":"initializing fn","event":"veo/polling.requested","event_id":"01KAJ9NPF20A022RGJM7G4MX00","internal_id":"01KAJ9NPF20A022RGJM7G4MX00","function":"veo-video-polling","function_id":"295f796b-52a9-5c8e-8b93-329ea7cdb504"}
{"time":"2025-11-21T04:10:03.436182Z","level":"INFO","msg":"received event","event":"inngest/function.finished","event_id":"01KAJ9NPM6TG0BP2WVKAZ8F99B","internal_id":"01KAJ9NPM6HVJBD7ZAGRECRPQY"}
{"time":"2025-11-21T04:10:34.609593Z","level":"INFO","msg":"publishing event","caller":"api","event_name":"veo/polling.requested","internal_id":"01KAJ9PN7G6TPCS8XZ9ETTCN9E","external_id":"01KAJ9PN7G6TPCS8XZ9ETTCN9E","event":{"id":"01KAJ9PN7G6TPCS8XZ9ETTCN9E","name":"veo/polling.requested","data":{"currentAttempt":2,"maxAttempts":120,"operationName":"projects/bold-network-478100-e6/locations/us-central1/publishers/google/models/veo-3.0-fast-generate-001/operations/7e178842-48f7-4984-b105-6a8e5df7177e","sceneId":"cmi7kwi090007siys0a35bnmz"},"ts":1763698234608}}
{"time":"2025-11-21T04:10:34.798405Z","level":"INFO","msg":"received event","event":"veo/polling.requested","event_id":"01KAJ9PN7G6TPCS8XZ9ETTCN9E","internal_id":"01KAJ9PN7G6TPCS8XZ9ETTCN9E"}
{"time":"2025-11-21T04:10:34.79866Z","level":"INFO","msg":"initializing fn","event":"veo/polling.requested","event_id":"01KAJ9PN7G6TPCS8XZ9ETTCN9E","internal_id":"01KAJ9PN7G6TPCS8XZ9ETTCN9E","function":"veo-video-polling","function_id":"295f796b-52a9-5c8e-8b93-329ea7cdb504"}
{"time":"2025-11-21T04:10:34.799485Z","level":"INFO","msg":"received event","event":"inngest/function.finished","event_id":"01KAJ9PNCA64WFHQ7NSC2D61N9","internal_id":"01KAJ9PNCAXYPTK45K9QBZ76RF"}
{"time":"2025-11-21T04:10:41.211892Z","level":"INFO","msg":"publishing event","caller":"api","event_name":"veo/polling.requested","internal_id":"01KAJ9PVNVCAF8PCXA7NZ7Z11C","external_id":"01KAJ9PVNVCAF8PCXA7NZ7Z11C","event":{"id":"01KAJ9PVNVCAF8PCXA7NZ7Z11C","name":"veo/polling.requested","data":{"currentAttempt":3,"maxAttempts":120,"operationName":"projects/bold-network-478100-e6/locations/us-central1/publishers/google/models/veo-3.0-fast-generate-001/operations/7e178842-48f7-4984-b105-6a8e5df7177e","sceneId":"cmi7kwi090007siys0a35bnmz"},"ts":1763698241211}}
{"time":"2025-11-21T04:10:41.321973Z","level":"INFO","msg":"received event","event":"veo/polling.requested","event_id":"01KAJ9PVNVCAF8PCXA7NZ7Z11C","internal_id":"01KAJ9PVNVCAF8PCXA7NZ7Z11C"}
{"time":"2025-11-21T04:10:41.322278Z","level":"INFO","msg":"initializing fn","event":"veo/polling.requested","event_id":"01KAJ9PVNVCAF8PCXA7NZ7Z11C","internal_id":"01KAJ9PVNVCAF8PCXA7NZ7Z11C","function":"veo-video-polling","function_id":"295f796b-52a9-5c8e-8b93-329ea7cdb504"}
{"time":"2025-11-21T04:10:41.587931Z","level":"INFO","msg":"received event","event":"inngest/function.finished","event_id":"01KAJ9PVTM4CBGZ0JVPX47K11R","internal_id":"01KAJ9PVTMA02X7BS8N4KE35NC"}
{"time":"2025-11-21T04:10:51.561339Z","level":"ERROR","msg":"error handling queue item","error":"invalid status code: 500","item_kind":"edge"}
{"time":"2025-11-21T04:11:08.097087Z","level":"ERROR","msg":"error handling queue item","error":"invalid status code: 500","item_kind":"edge"}
{"time":"2025-11-21T04:11:59.320158Z","level":"ERROR","msg":"error handling queue item","error":"invalid status code: 500","item_kind":"edge"}
{"time":"2025-11-21T04:13:18.356562Z","level":"ERROR","msg":"error handling queue item","error":"invalid status code: 500","item_kind":"edge"}
{"time":"2025-11-21T04:15:29.062064Z","level":"INFO","msg":"received event","event":"inngest/function.finished","event_id":"01KAJ9ZMJJD5E55TVFBJ9QVB4J","internal_id":"01KAJ9ZMJJH6Y4QTR4KRKFH0G1"}
{"time":"2025-11-21T04:15:29.063482Z","level":"INFO","msg":"received event","event":"inngest/function.failed","event_id":"01KAJ9PVSAJZASD8G6N3SXHP02","internal_id":"01KAJ9ZMJJKCEE5WRZXG2DWRNX"}
{"time":"2025-11-21T04:16:33.242174Z","level":"INFO","msg":"publishing event","caller":"api","event_name":"background/completed","internal_id":"01KAJA1KERN04ZYD8YEYJHWM1G","external_id":"01KAJA1KERN04ZYD8YEYJHWM1G","event":{"id":"01KAJA1KERN04ZYD8YEYJHWM1G","name":"background/completed","data":{"assetId":"cmi8clrgv000fsi2ng17f7kp3","projectId":"cmi7kw1330001siyste5aaklh","sceneId":"cmi7kwi090007siys0a35bnmz","videoUrl":"https://glusuxtjthdxdjblswbl.supabase.co/storage/v1/object/public/assets/projects/cmi7kw1330001siyste5aaklh/backgrounds/scene_1_background.mp4"},"ts":1763698593240}}
{"time":"2025-11-21T04:16:33.289616Z","level":"INFO","msg":"received event","event":"background/completed","event_id":"01KAJA1KERN04ZYD8YEYJHWM1G","internal_id":"01KAJA1KERN04ZYD8YEYJHWM1G"}
{"time":"2025-11-21T04:16:33.543082Z","level":"INFO","msg":"received event","event":"inngest/function.finished","event_id":"01KAJA1KQZM5DY96BRP33FM001","internal_id":"01KAJA1KQZ1SBGYPSYFD4SDAP2"}
{"time":"2025-11-21T04:16:35.45773Z","level":"INFO","msg":"publishing event","caller":"api","event_name":"scene/process.requested","internal_id":"01KAJA1NM087C6FDQ2PPEBM876","external_id":"01KAJA1NM087C6FDQ2PPEBM876","event":{"id":"01KAJA1NM087C6FDQ2PPEBM876","name":"scene/process.requested","data":{"projectId":"cmi7kw1330001siyste5aaklh","sceneId":"cmi7kwi1y0009siys5ognxpse","userId":"cmi5d1zlj000asirppmyk00q3"},"ts":1763698595456}}
{"time":"2025-11-21T04:16:35.550139Z","level":"INFO","msg":"received event","event":"scene/process.requested","event_id":"01KAJA1NM087C6FDQ2PPEBM876","internal_id":"01KAJA1NM087C6FDQ2PPEBM876"}
{"time":"2025-11-21T04:16:35.55056Z","level":"INFO","msg":"initializing fn","event":"scene/process.requested","event_id":"01KAJA1NM087C6FDQ2PPEBM876","internal_id":"01KAJA1NM087C6FDQ2PPEBM876","function":"Scene Processor (Orchestrator)","function_id":"dafc04d8-a76c-5eda-95d4-ae327f704821"}
{"time":"2025-11-21T04:16:35.551393Z","level":"INFO","msg":"received event","event":"inngest/function.finished","event_id":"01KAJA1NNP8EQH5BKQMRKWE1VH","internal_id":"01KAJA1NNPSP3615V12WK55HVR"}
{"time":"2025-11-21T04:16:35.823482Z","level":"INFO","msg":"publishing event","caller":"api","event_name":"tts/generation.requested","internal_id":"01KAJA1NZEDYTV3YP6RM0448RV","external_id":"01KAJA1NZEDYTV3YP6RM0448RV","event":{"id":"01KAJA1NZEDYTV3YP6RM0448RV","name":"tts/generation.requested","data":{"projectId":"cmi7kw1330001siyste5aaklh","sceneId":"cmi7kwi1y0009siys5ognxpse","userId":"cmi5d1zlj000asirppmyk00q3"},"ts":1763698595822}}
{"time":"2025-11-21T04:16:36.054276Z","level":"INFO","msg":"received event","event":"tts/generation.requested","event_id":"01KAJA1NZEDYTV3YP6RM0448RV","internal_id":"01KAJA1NZEDYTV3YP6RM0448RV"}
{"time":"2025-11-21T04:16:36.054633Z","level":"INFO","msg":"initializing fn","event":"tts/generation.requested","event_id":"01KAJA1NZEDYTV3YP6RM0448RV","internal_id":"01KAJA1NZEDYTV3YP6RM0448RV","function":"tts-generator","function_id":"aea85702-419d-5e83-95fe-5dd38852ead8"}
{"time":"2025-11-21T04:16:38.954884Z","level":"INFO","msg":"publishing event","caller":"api","event_name":"tts/completed","internal_id":"01KAJA1S1A1C1FGPDFXR1ZZECB","external_id":"01KAJA1S1A1C1FGPDFXR1ZZECB","event":{"id":"01KAJA1S1A1C1FGPDFXR1ZZECB","name":"tts/completed","data":{"assetId":"cmi8clwch000hsi2ncf5jo3pi","audioUrl":"https://glusuxtjthdxdjblswbl.supabase.co/storage/v1/object/public/assets/projects/cmi7kw1330001siyste5aaklh/audio/scene_2_audio.mp3","projectId":"cmi7kw1330001siyste5aaklh","sceneId":"cmi7kwi1y0009siys5ognxpse"},"ts":1763698598954}}
{"time":"2025-11-21T04:16:39.065899Z","level":"INFO","msg":"received event","event":"tts/completed","event_id":"01KAJA1S1A1C1FGPDFXR1ZZECB","internal_id":"01KAJA1S1A1C1FGPDFXR1ZZECB"}
{"time":"2025-11-21T04:16:39.114526Z","level":"INFO","msg":"publishing event","caller":"api","event_name":"avatar/generation.requested","internal_id":"01KAJA1S6AF767H3T089RFSASP","external_id":"01KAJA1S6AF767H3T089RFSASP","event":{"id":"01KAJA1S6AF767H3T089RFSASP","name":"avatar/generation.requested","data":{"projectId":"cmi7kw1330001siyste5aaklh","sceneId":"cmi7kwi1y0009siys5ognxpse","userId":"cmi5d1zlj000asirppmyk00q3"},"ts":1763698599114}}
{"time":"2025-11-21T04:16:39.318811Z","level":"INFO","msg":"received event","event":"inngest/function.finished","event_id":"01KAJA1S61SYH0RKAJTSS2WTBQ","internal_id":"01KAJA1S61VQS05MNPXPN0Z159"}
{"time":"2025-11-21T04:16:39.319181Z","level":"INFO","msg":"received event","event":"avatar/generation.requested","event_id":"01KAJA1S6AF767H3T089RFSASP","internal_id":"01KAJA1S6AF767H3T089RFSASP"}
{"time":"2025-11-21T04:16:39.319383Z","level":"INFO","msg":"initializing fn","event":"avatar/generation.requested","event_id":"01KAJA1S6AF767H3T089RFSASP","internal_id":"01KAJA1S6AF767H3T089RFSASP","function":"avatar-generator","function_id":"1f3c3658-49f2-5c36-b37c-31a1c292b887"}
{"time":"2025-11-21T04:16:44.355235Z","level":"INFO","msg":"publishing event","caller":"api","event_name":"avatar/polling.requested","internal_id":"01KAJA1YA2H89PSCDGFZD3AQER","external_id":"01KAJA1YA2H89PSCDGFZD3AQER","event":{"id":"01KAJA1YA2H89PSCDGFZD3AQER","name":"avatar/polling.requested","data":{"maxAttempts":20,"sceneId":"cmi7kwi1y0009siys5ognxpse","talkId":"tlk_q8k2X7nRRbtxxYnspxJT9"},"ts":1763698604354}}
{"time":"2025-11-21T04:16:44.588585Z","level":"INFO","msg":"received event","event":"inngest/function.finished","event_id":"01KAJA1YETH6STB97XJP7YE606","internal_id":"01KAJA1YETMSN1X3B12DSJRARY"}
{"time":"2025-11-21T04:16:44.589059Z","level":"INFO","msg":"received event","event":"avatar/polling.requested","event_id":"01KAJA1YA2H89PSCDGFZD3AQER","internal_id":"01KAJA1YA2H89PSCDGFZD3AQER"}
{"time":"2025-11-21T04:16:44.589344Z","level":"INFO","msg":"initializing fn","event":"avatar/polling.requested","event_id":"01KAJA1YA2H89PSCDGFZD3AQER","internal_id":"01KAJA1YA2H89PSCDGFZD3AQER","function":"avatar-polling","function_id":"a7215d64-501e-5c38-b024-ee890083a2e3"}
{"time":"2025-11-21T04:16:50.353506Z","level":"INFO","msg":"publishing event","caller":"api","event_name":"avatar/polling.requested","internal_id":"01KAJA245GHPE9Q6FATWBQM1BM","external_id":"01KAJA245GHPE9Q6FATWBQM1BM","event":{"id":"01KAJA245GHPE9Q6FATWBQM1BM","name":"avatar/polling.requested","data":{"currentAttempt":2,"maxAttempts":20,"sceneId":"cmi7kwi1y0009siys5ognxpse","talkId":"tlk_q8k2X7nRRbtxxYnspxJT9"},"ts":1763698610352}}
{"time":"2025-11-21T04:16:50.357308Z","level":"INFO","msg":"received event","event":"avatar/polling.requested","event_id":"01KAJA245GHPE9Q6FATWBQM1BM","internal_id":"01KAJA245GHPE9Q6FATWBQM1BM"}
{"time":"2025-11-21T04:16:50.357585Z","level":"INFO","msg":"initializing fn","event":"avatar/polling.requested","event_id":"01KAJA245GHPE9Q6FATWBQM1BM","internal_id":"01KAJA245GHPE9Q6FATWBQM1BM","function":"avatar-polling","function_id":"a7215d64-501e-5c38-b024-ee890083a2e3"}
{"time":"2025-11-21T04:16:50.609189Z","level":"INFO","msg":"received event","event":"inngest/function.finished","event_id":"01KAJA24AGERXXZ2VRNGSHTHAV","internal_id":"01KAJA24AGZSH31J2HME4BW4WT"}
{"time":"2025-11-21T04:17:01.305747Z","level":"INFO","msg":"publishing event","caller":"api","event_name":"avatar/completed","internal_id":"01KAJA2EVSCRM1T5P9GFA6AX2M","external_id":"01KAJA2EVSCRM1T5P9GFA6AX2M","event":{"id":"01KAJA2EVSCRM1T5P9GFA6AX2M","name":"avatar/completed","data":{"assetId":"cmi8cmdl8000lsi2no1s82duv","projectId":"cmi7kw1330001siyste5aaklh","sceneId":"cmi7kwi1y0009siys5ognxpse","videoUrl":"https://glusuxtjthdxdjblswbl.supabase.co/storage/v1/object/public/assets/projects/cmi7kw1330001siyste5aaklh/avatars/scene_2_avatar.mp4"},"ts":1763698621305}}
{"time":"2025-11-21T04:17:01.395154Z","level":"INFO","msg":"received event","event":"avatar/completed","event_id":"01KAJA2EVSCRM1T5P9GFA6AX2M","internal_id":"01KAJA2EVSCRM1T5P9GFA6AX2M"}
{"time":"2025-11-21T04:17:01.477408Z","level":"INFO","msg":"publishing event","caller":"api","event_name":"background/generation.requested","internal_id":"01KAJA2F142GXBRZTCBNZYWE6C","external_id":"01KAJA2F142GXBRZTCBNZYWE6C","event":{"id":"01KAJA2F142GXBRZTCBNZYWE6C","name":"background/generation.requested","data":{"projectId":"cmi7kw1330001siyste5aaklh","sceneId":"cmi7kwi1y0009siys5ognxpse","userId":"cmi5d1zlj000asirppmyk00q3"},"ts":1763698621476}}
{"time":"2025-11-21T04:17:01.647929Z","level":"INFO","msg":"received event","event":"inngest/function.finished","event_id":"01KAJA2F0PECDPR0EGSR8JBTQQ","internal_id":"01KAJA2F0PDX81HJSZSSQPRKG9"}
{"time":"2025-11-21T04:17:01.648624Z","level":"INFO","msg":"received event","event":"background/generation.requested","event_id":"01KAJA2F142GXBRZTCBNZYWE6C","internal_id":"01KAJA2F142GXBRZTCBNZYWE6C"}
{"time":"2025-11-21T04:17:01.648974Z","level":"INFO","msg":"initializing fn","event":"background/generation.requested","event_id":"01KAJA2F142GXBRZTCBNZYWE6C","internal_id":"01KAJA2F142GXBRZTCBNZYWE6C","function":"background-generator","function_id":"e5229485-fc14-5fe8-9848-929c5bc10d49"}
{"time":"2025-11-21T04:17:02.652308Z","level":"INFO","msg":"publishing event","caller":"api","event_name":"background/completed","internal_id":"01KAJA2G5VFMCHTKBT9X260F23","external_id":"01KAJA2G5VFMCHTKBT9X260F23","event":{"id":"01KAJA2G5VFMCHTKBT9X260F23","name":"background/completed","data":{"assetId":"cmi8cmemp000nsi2n8mu7mpw7","imageUrl":"https://glusuxtjthdxdjblswbl.supabase.co/storage/v1/object/public/assets/projects/cmi7kw1330001siyste5aaklh/backgrounds/scene_2_background.png","projectId":"cmi7kw1330001siyste5aaklh","sceneId":"cmi7kwi1y0009siys5ognxpse"},"ts":1763698622651}}
{"time":"2025-11-21T04:17:02.653481Z","level":"INFO","msg":"received event","event":"background/completed","event_id":"01KAJA2G5VFMCHTKBT9X260F23","internal_id":"01KAJA2G5VFMCHTKBT9X260F23"}
{"time":"2025-11-21T04:17:02.907842Z","level":"INFO","msg":"received event","event":"inngest/function.finished","event_id":"01KAJA2GB2XGAT0NKJ1NDBQ08T","internal_id":"01KAJA2GB257S9426GDK6EHEJG"}
{"time":"2025-11-21T04:17:04.841489Z","level":"INFO","msg":"publishing event","caller":"api","event_name":"scene/process.requested","internal_id":"01KAJA2JA8PCJWYBZTPCY0DC9Q","external_id":"01KAJA2JA8PCJWYBZTPCY0DC9Q","event":{"id":"01KAJA2JA8PCJWYBZTPCY0DC9Q","name":"scene/process.requested","data":{"projectId":"cmi7kw1330001siyste5aaklh","sceneId":"cmi7kwi3o000bsiysaclijvhj","userId":"cmi5d1zlj000asirppmyk00q3"},"ts":1763698624840}}
{"time":"2025-11-21T04:17:04.915557Z","level":"INFO","msg":"received event","event":"scene/process.requested","event_id":"01KAJA2JA8PCJWYBZTPCY0DC9Q","internal_id":"01KAJA2JA8PCJWYBZTPCY0DC9Q"}
{"time":"2025-11-21T04:17:04.915876Z","level":"INFO","msg":"initializing fn","event":"scene/process.requested","event_id":"01KAJA2JA8PCJWYBZTPCY0DC9Q","internal_id":"01KAJA2JA8PCJWYBZTPCY0DC9Q","function":"Scene Processor (Orchestrator)","function_id":"dafc04d8-a76c-5eda-95d4-ae327f704821"}
{"time":"2025-11-21T04:17:04.916992Z","level":"INFO","msg":"received event","event":"inngest/function.finished","event_id":"01KAJA2JCGDXSH6DJP0WQM68XA","internal_id":"01KAJA2JCGSZ5JES5NFA0CKSAR"}
{"time":"2025-11-21T04:17:05.199407Z","level":"INFO","msg":"publishing event","caller":"api","event_name":"tts/generation.requested","internal_id":"01KAJA2JNEJ9V18PYEBS479D2T","external_id":"01KAJA2JNEJ9V18PYEBS479D2T","event":{"id":"01KAJA2JNEJ9V18PYEBS479D2T","name":"tts/generation.requested","data":{"projectId":"cmi7kw1330001siyste5aaklh","sceneId":"cmi7kwi3o000bsiysaclijvhj","userId":"cmi5d1zlj000asirppmyk00q3"},"ts":1763698625198}}
{"time":"2025-11-21T04:17:05.41949Z","level":"INFO","msg":"received event","event":"tts/generation.requested","event_id":"01KAJA2JNEJ9V18PYEBS479D2T","internal_id":"01KAJA2JNEJ9V18PYEBS479D2T"}
{"time":"2025-11-21T04:17:05.419744Z","level":"INFO","msg":"initializing fn","event":"tts/generation.requested","event_id":"01KAJA2JNEJ9V18PYEBS479D2T","internal_id":"01KAJA2JNEJ9V18PYEBS479D2T","function":"tts-generator","function_id":"aea85702-419d-5e83-95fe-5dd38852ead8"}
{"time":"2025-11-21T04:17:08.508003Z","level":"INFO","msg":"publishing event","caller":"api","event_name":"tts/completed","internal_id":"01KAJA2NWV2QWVN3KQW84Z67P5","external_id":"01KAJA2NWV2QWVN3KQW84Z67P5","event":{"id":"01KAJA2NWV2QWVN3KQW84Z67P5","name":"tts/completed","data":{"assetId":"cmi8cmj5f000psi2n9kzoy16i","audioUrl":"https://glusuxtjthdxdjblswbl.supabase.co/storage/v1/object/public/assets/projects/cmi7kw1330001siyste5aaklh/audio/scene_3_audio.mp3","projectId":"cmi7kw1330001siyste5aaklh","sceneId":"cmi7kwi3o000bsiysaclijvhj"},"ts":1763698628507}}
{"time":"2025-11-21T04:17:08.683365Z","level":"INFO","msg":"received event","event":"tts/completed","event_id":"01KAJA2NWV2QWVN3KQW84Z67P5","internal_id":"01KAJA2NWV2QWVN3KQW84Z67P5"}
{"time":"2025-11-21T04:17:08.685212Z","level":"INFO","msg":"received event","event":"inngest/function.finished","event_id":"01KAJA2P1F23EAD5S897Y9B37Z","internal_id":"01KAJA2P1FX3KG9DCW8PCD5N7T"}
{"time":"2025-11-21T04:17:08.81653Z","level":"INFO","msg":"publishing event","caller":"api","event_name":"avatar/generation.requested","internal_id":"01KAJA2P6EMSWYQDZ7M66HJ4BZ","external_id":"01KAJA2P6EMSWYQDZ7M66HJ4BZ","event":{"id":"01KAJA2P6EMSWYQDZ7M66HJ4BZ","name":"avatar/generation.requested","data":{"projectId":"cmi7kw1330001siyste5aaklh","sceneId":"cmi7kwi3o000bsiysaclijvhj","userId":"cmi5d1zlj000asirppmyk00q3"},"ts":1763698628814}}
{"time":"2025-11-21T04:17:08.936813Z","level":"INFO","msg":"received event","event":"avatar/generation.requested","event_id":"01KAJA2P6EMSWYQDZ7M66HJ4BZ","internal_id":"01KAJA2P6EMSWYQDZ7M66HJ4BZ"}
{"time":"2025-11-21T04:17:08.937162Z","level":"INFO","msg":"initializing fn","event":"avatar/generation.requested","event_id":"01KAJA2P6EMSWYQDZ7M66HJ4BZ","internal_id":"01KAJA2P6EMSWYQDZ7M66HJ4BZ","function":"avatar-generator","function_id":"1f3c3658-49f2-5c36-b37c-31a1c292b887"}
{"time":"2025-11-21T04:17:13.459378Z","level":"INFO","msg":"publishing event","caller":"api","event_name":"avatar/polling.requested","internal_id":"01KAJA2TQJFGWCV0MYTAT09D1V","external_id":"01KAJA2TQJFGWCV0MYTAT09D1V","event":{"id":"01KAJA2TQJFGWCV0MYTAT09D1V","name":"avatar/polling.requested","data":{"maxAttempts":20,"sceneId":"cmi7kwi3o000bsiysaclijvhj","talkId":"tlk_Q-_C2SnfO8Tt_eGiQ75eV"},"ts":1763698633458}}
{"time":"2025-11-21T04:17:13.701968Z","level":"INFO","msg":"received event","event":"avatar/polling.requested","event_id":"01KAJA2TQJFGWCV0MYTAT09D1V","internal_id":"01KAJA2TQJFGWCV0MYTAT09D1V"}
{"time":"2025-11-21T04:17:13.702284Z","level":"INFO","msg":"initializing fn","event":"avatar/polling.requested","event_id":"01KAJA2TQJFGWCV0MYTAT09D1V","internal_id":"01KAJA2TQJFGWCV0MYTAT09D1V","function":"avatar-polling","function_id":"a7215d64-501e-5c38-b024-ee890083a2e3"}
{"time":"2025-11-21T04:17:13.703254Z","level":"INFO","msg":"received event","event":"inngest/function.finished","event_id":"01KAJA2TW78AFK7Q93X5FYJNCQ","internal_id":"01KAJA2TW7X9HCFJ0M49WQW9F5"}
{"time":"2025-11-21T04:17:19.454855Z","level":"INFO","msg":"publishing event","caller":"api","event_name":"avatar/polling.requested","internal_id":"01KAJA30JYRBR986MQWYRMSQ2J","external_id":"01KAJA30JYRBR986MQWYRMSQ2J","event":{"id":"01KAJA30JYRBR986MQWYRMSQ2J","name":"avatar/polling.requested","data":{"currentAttempt":2,"maxAttempts":20,"sceneId":"cmi7kwi3o000bsiysaclijvhj","talkId":"tlk_Q-_C2SnfO8Tt_eGiQ75eV"},"ts":1763698639454}}
{"time":"2025-11-21T04:17:19.473661Z","level":"INFO","msg":"received event","event":"avatar/polling.requested","event_id":"01KAJA30JYRBR986MQWYRMSQ2J","internal_id":"01KAJA30JYRBR986MQWYRMSQ2J"}
{"time":"2025-11-21T04:17:19.474008Z","level":"INFO","msg":"initializing fn","event":"avatar/polling.requested","event_id":"01KAJA30JYRBR986MQWYRMSQ2J","internal_id":"01KAJA30JYRBR986MQWYRMSQ2J","function":"avatar-polling","function_id":"a7215d64-501e-5c38-b024-ee890083a2e3"}
{"time":"2025-11-21T04:17:19.72651Z","level":"INFO","msg":"received event","event":"inngest/function.finished","event_id":"01KAJA30QSM6D0KT3A4B1EBT2D","internal_id":"01KAJA30QSSQBQ04AWRR3CXYN9"}
{"time":"2025-11-21T04:17:30.861705Z","level":"INFO","msg":"publishing event","caller":"api","event_name":"avatar/completed","internal_id":"01KAJA3BQCCTWSNC5VH2JK7FVD","external_id":"01KAJA3BQCCTWSNC5VH2JK7FVD","event":{"id":"01KAJA3BQCCTWSNC5VH2JK7FVD","name":"avatar/completed","data":{"assetId":"cmi8cn0e4000tsi2n1ed4kxi9","projectId":"cmi7kw1330001siyste5aaklh","sceneId":"cmi7kwi3o000bsiysaclijvhj","videoUrl":"https://glusuxtjthdxdjblswbl.supabase.co/storage/v1/object/public/assets/projects/cmi7kw1330001siyste5aaklh/avatars/scene_3_avatar.mp4"},"ts":1763698650860}}
{"time":"2025-11-21T04:17:31.018292Z","level":"INFO","msg":"received event","event":"avatar/completed","event_id":"01KAJA3BQCCTWSNC5VH2JK7FVD","internal_id":"01KAJA3BQCCTWSNC5VH2JK7FVD"}
{"time":"2025-11-21T04:17:31.020119Z","level":"INFO","msg":"received event","event":"inngest/function.finished","event_id":"01KAJA3BVZYQ4HAXTKJWWY7SE7","internal_id":"01KAJA3BVZMGVM0Q5A0SSRN65H"}
{"time":"2025-11-21T04:17:31.159439Z","level":"INFO","msg":"publishing event","caller":"api","event_name":"background/generation.requested","internal_id":"01KAJA3C0P95YPWRAHNZAZPQQT","external_id":"01KAJA3C0P95YPWRAHNZAZPQQT","event":{"id":"01KAJA3C0P95YPWRAHNZAZPQQT","name":"background/generation.requested","data":{"projectId":"cmi7kw1330001siyste5aaklh","sceneId":"cmi7kwi3o000bsiysaclijvhj","userId":"cmi5d1zlj000asirppmyk00q3"},"ts":1763698651158}}
{"time":"2025-11-21T04:17:31.271533Z","level":"INFO","msg":"received event","event":"background/generation.requested","event_id":"01KAJA3C0P95YPWRAHNZAZPQQT","internal_id":"01KAJA3C0P95YPWRAHNZAZPQQT"}
{"time":"2025-11-21T04:17:31.271924Z","level":"INFO","msg":"initializing fn","event":"background/generation.requested","event_id":"01KAJA3C0P95YPWRAHNZAZPQQT","internal_id":"01KAJA3C0P95YPWRAHNZAZPQQT","function":"background-generator","function_id":"e5229485-fc14-5fe8-9848-929c5bc10d49"}
{"time":"2025-11-21T04:17:32.052731Z","level":"INFO","msg":"publishing event","caller":"api","event_name":"background/completed","internal_id":"01KAJA3CWMT3GDW7FVYSASFPHK","external_id":"01KAJA3CWMT3GDW7FVYSASFPHK","event":{"id":"01KAJA3CWMT3GDW7FVYSASFPHK","name":"background/completed","data":{"assetId":"cmi8cn1b9000vsi2nueig38j3","imageUrl":"https://glusuxtjthdxdjblswbl.supabase.co/storage/v1/object/public/assets/projects/cmi7kw1330001siyste5aaklh/backgrounds/scene_3_background.png","projectId":"cmi7kw1330001siyste5aaklh","sceneId":"cmi7kwi3o000bsiysaclijvhj"},"ts":1763698652052}}
{"time":"2025-11-21T04:17:32.274676Z","level":"INFO","msg":"received event","event":"background/completed","event_id":"01KAJA3CWMT3GDW7FVYSASFPHK","internal_id":"01KAJA3CWMT3GDW7FVYSASFPHK"}
{"time":"2025-11-21T04:17:32.278227Z","level":"INFO","msg":"received event","event":"inngest/function.finished","event_id":"01KAJA3D1GSCTJM7CNFPTXJTMR","internal_id":"01KAJA3D1GTKY1ZXEQZZKBQ2RZ"}
{"time":"2025-11-21T04:17:34.382925Z","level":"INFO","msg":"publishing event","caller":"api","event_name":"scene/process.requested","internal_id":"01KAJA3F5E1ZHRQR24YJ5AZ5W0","external_id":"01KAJA3F5E1ZHRQR24YJ5AZ5W0","event":{"id":"01KAJA3F5E1ZHRQR24YJ5AZ5W0","name":"scene/process.requested","data":{"projectId":"cmi7kw1330001siyste5aaklh","sceneId":"cmi7kwi5d000dsiys5csghvm8","userId":"cmi5d1zlj000asirppmyk00q3"},"ts":1763698654382}}
{"time":"2025-11-21T04:17:34.534816Z","level":"INFO","msg":"received event","event":"scene/process.requested","event_id":"01KAJA3F5E1ZHRQR24YJ5AZ5W0","internal_id":"01KAJA3F5E1ZHRQR24YJ5AZ5W0"}
{"time":"2025-11-21T04:17:34.535572Z","level":"INFO","msg":"initializing fn","event":"scene/process.requested","event_id":"01KAJA3F5E1ZHRQR24YJ5AZ5W0","internal_id":"01KAJA3F5E1ZHRQR24YJ5AZ5W0","function":"Scene Processor (Orchestrator)","function_id":"dafc04d8-a76c-5eda-95d4-ae327f704821"}
{"time":"2025-11-21T04:17:34.540565Z","level":"INFO","msg":"received event","event":"inngest/function.finished","event_id":"01KAJA3F7Y2D8AQRKYKEFQDDX4","internal_id":"01KAJA3F7YSTJY3348FJWNGHHH"}
{"time":"2025-11-21T04:17:34.901738Z","level":"INFO","msg":"publishing event","caller":"api","event_name":"tts/generation.requested","internal_id":"01KAJA3FNNYW8NBDCETEMF4F78","external_id":"01KAJA3FNNYW8NBDCETEMF4F78","event":{"id":"01KAJA3FNNYW8NBDCETEMF4F78","name":"tts/generation.requested","data":{"projectId":"cmi7kw1330001siyste5aaklh","sceneId":"cmi7kwi5d000dsiys5csghvm8","userId":"cmi5d1zlj000asirppmyk00q3"},"ts":1763698654901}}
{"time":"2025-11-21T04:17:35.041862Z","level":"INFO","msg":"received event","event":"tts/generation.requested","event_id":"01KAJA3FNNYW8NBDCETEMF4F78","internal_id":"01KAJA3FNNYW8NBDCETEMF4F78"}
{"time":"2025-11-21T04:17:35.042125Z","level":"INFO","msg":"initializing fn","event":"tts/generation.requested","event_id":"01KAJA3FNNYW8NBDCETEMF4F78","internal_id":"01KAJA3FNNYW8NBDCETEMF4F78","function":"tts-generator","function_id":"aea85702-419d-5e83-95fe-5dd38852ead8"}
{"time":"2025-11-21T04:17:38.20459Z","level":"INFO","msg":"publishing event","caller":"api","event_name":"tts/completed","internal_id":"01KAJA3JWVNFAZFEVWHGNVNT3H","external_id":"01KAJA3JWVNFAZFEVWHGNVNT3H","event":{"id":"01KAJA3JWVNFAZFEVWHGNVNT3H","name":"tts/completed","data":{"assetId":"cmi8cn626000xsi2nzode7ase","audioUrl":"https://glusuxtjthdxdjblswbl.supabase.co/storage/v1/object/public/assets/projects/cmi7kw1330001siyste5aaklh/audio/scene_4_audio.mp3","projectId":"cmi7kw1330001siyste5aaklh","sceneId":"cmi7kwi5d000dsiys5csghvm8"},"ts":1763698658203}}
{"time":"2025-11-21T04:17:38.302728Z","level":"INFO","msg":"received event","event":"tts/completed","event_id":"01KAJA3JWVNFAZFEVWHGNVNT3H","internal_id":"01KAJA3JWVNFAZFEVWHGNVNT3H"}
{"time":"2025-11-21T04:17:38.3696Z","level":"INFO","msg":"publishing event","caller":"api","event_name":"avatar/generation.requested","internal_id":"01KAJA3K202R8QK5VZ2BYD49RH","external_id":"01KAJA3K202R8QK5VZ2BYD49RH","event":{"id":"01KAJA3K202R8QK5VZ2BYD49RH","name":"avatar/generation.requested","data":{"projectId":"cmi7kw1330001siyste5aaklh","sceneId":"cmi7kwi5d000dsiys5csghvm8","userId":"cmi5d1zlj000asirppmyk00q3"},"ts":1763698658368}}
{"time":"2025-11-21T04:17:38.557866Z","level":"INFO","msg":"received event","event":"inngest/function.finished","event_id":"01KAJA3K1TRXB8247WY012A5PQ","internal_id":"01KAJA3K1TMX3ZRJ4BG0SJ832Y"}
{"time":"2025-11-21T04:17:38.558241Z","level":"INFO","msg":"received event","event":"avatar/generation.requested","event_id":"01KAJA3K202R8QK5VZ2BYD49RH","internal_id":"01KAJA3K202R8QK5VZ2BYD49RH"}
{"time":"2025-11-21T04:17:38.558655Z","level":"INFO","msg":"initializing fn","event":"avatar/generation.requested","event_id":"01KAJA3K202R8QK5VZ2BYD49RH","internal_id":"01KAJA3K202R8QK5VZ2BYD49RH","function":"avatar-generator","function_id":"1f3c3658-49f2-5c36-b37c-31a1c292b887"}
{"time":"2025-11-21T04:17:43.152226Z","level":"INFO","msg":"publishing event","caller":"api","event_name":"avatar/polling.requested","internal_id":"01KAJA3QQFQ9WTESS950P8STYF","external_id":"01KAJA3QQFQ9WTESS950P8STYF","event":{"id":"01KAJA3QQFQ9WTESS950P8STYF","name":"avatar/polling.requested","data":{"maxAttempts":20,"sceneId":"cmi7kwi5d000dsiys5csghvm8","talkId":"tlk_uG6bGHOtNVR5eNbhyvbSP"},"ts":1763698663151}}
{"time":"2025-11-21T04:17:43.328664Z","level":"INFO","msg":"received event","event":"avatar/polling.requested","event_id":"01KAJA3QQFQ9WTESS950P8STYF","internal_id":"01KAJA3QQFQ9WTESS950P8STYF"}
{"time":"2025-11-21T04:17:43.328904Z","level":"INFO","msg":"initializing fn","event":"avatar/polling.requested","event_id":"01KAJA3QQFQ9WTESS950P8STYF","internal_id":"01KAJA3QQFQ9WTESS950P8STYF","function":"avatar-polling","function_id":"a7215d64-501e-5c38-b024-ee890083a2e3"}
{"time":"2025-11-21T04:17:43.329782Z","level":"INFO","msg":"received event","event":"inngest/function.finished","event_id":"01KAJA3QWDGGN69V0NVW5SR5NH","internal_id":"01KAJA3QWDM1BBYFHVK5D1R7W3"}
{"time":"2025-11-21T04:17:49.152314Z","level":"INFO","msg":"publishing event","caller":"api","event_name":"avatar/polling.requested","internal_id":"01KAJA3XJZF4AYGMSK6Z7T3KXS","external_id":"01KAJA3XJZF4AYGMSK6Z7T3KXS","event":{"id":"01KAJA3XJZF4AYGMSK6Z7T3KXS","name":"avatar/polling.requested","data":{"currentAttempt":2,"maxAttempts":20,"sceneId":"cmi7kwi5d000dsiys5csghvm8","talkId":"tlk_uG6bGHOtNVR5eNbhyvbSP"},"ts":1763698669151}}
{"time":"2025-11-21T04:17:49.35048Z","level":"INFO","msg":"received event","event":"avatar/polling.requested","event_id":"01KAJA3XJZF4AYGMSK6Z7T3KXS","internal_id":"01KAJA3XJZF4AYGMSK6Z7T3KXS"}
{"time":"2025-11-21T04:17:49.350832Z","level":"INFO","msg":"initializing fn","event":"avatar/polling.requested","event_id":"01KAJA3XJZF4AYGMSK6Z7T3KXS","internal_id":"01KAJA3XJZF4AYGMSK6Z7T3KXS","function":"avatar-polling","function_id":"a7215d64-501e-5c38-b024-ee890083a2e3"}
{"time":"2025-11-21T04:17:49.351818Z","level":"INFO","msg":"received event","event":"inngest/function.finished","event_id":"01KAJA3XQS0HMH3B7ZJETTYS37","internal_id":"01KAJA3XQS11VNA21D2KB1Q0NA"}
{"time":"2025-11-21T04:17:59.204985Z","level":"INFO","msg":"publishing event","caller":"api","event_name":"avatar/completed","internal_id":"01KAJA47D4BS2M20TK1FB4FRGH","external_id":"01KAJA47D4BS2M20TK1FB4FRGH","event":{"id":"01KAJA47D4BS2M20TK1FB4FRGH","name":"avatar/completed","data":{"assetId":"cmi8cnma60011si2ndvs1an68","projectId":"cmi7kw1330001siyste5aaklh","sceneId":"cmi7kwi5d000dsiys5csghvm8","videoUrl":"https://glusuxtjthdxdjblswbl.supabase.co/storage/v1/object/public/assets/projects/cmi7kw1330001siyste5aaklh/avatars/scene_4_avatar.mp4"},"ts":1763698679204}}
{"time":"2025-11-21T04:17:59.388303Z","level":"INFO","msg":"received event","event":"avatar/completed","event_id":"01KAJA47D4BS2M20TK1FB4FRGH","internal_id":"01KAJA47D4BS2M20TK1FB4FRGH"}
{"time":"2025-11-21T04:17:59.390462Z","level":"INFO","msg":"received event","event":"inngest/function.finished","event_id":"01KAJA47J7Q5CA5YJMQ8KWADDN","internal_id":"01KAJA47J72ZZ4B4RA294R9F7C"}
{"time":"2025-11-21T04:17:59.50856Z","level":"INFO","msg":"publishing event","caller":"api","event_name":"background/generation.requested","internal_id":"01KAJA47PK1PCYG2WWXYKKSA3T","external_id":"01KAJA47PK1PCYG2WWXYKKSA3T","event":{"id":"01KAJA47PK1PCYG2WWXYKKSA3T","name":"background/generation.requested","data":{"projectId":"cmi7kw1330001siyste5aaklh","sceneId":"cmi7kwi5d000dsiys5csghvm8","userId":"cmi5d1zlj000asirppmyk00q3"},"ts":1763698679507}}
{"time":"2025-11-21T04:17:59.641034Z","level":"INFO","msg":"received event","event":"background/generation.requested","event_id":"01KAJA47PK1PCYG2WWXYKKSA3T","internal_id":"01KAJA47PK1PCYG2WWXYKKSA3T"}
{"time":"2025-11-21T04:17:59.641577Z","level":"INFO","msg":"initializing fn","event":"background/generation.requested","event_id":"01KAJA47PK1PCYG2WWXYKKSA3T","internal_id":"01KAJA47PK1PCYG2WWXYKKSA3T","function":"background-generator","function_id":"e5229485-fc14-5fe8-9848-929c5bc10d49"}
{"time":"2025-11-21T04:18:00.854238Z","level":"INFO","msg":"publishing event","caller":"api","event_name":"veo/generation.requested","internal_id":"01KAJA490NAZ12AWXGNN1ZX8F9","external_id":"01KAJA490NAZ12AWXGNN1ZX8F9","event":{"id":"01KAJA490NAZ12AWXGNN1ZX8F9","name":"veo/generation.requested","data":{"imageAssetId":"cmi8cnnjg0013si2n33g1nds3","imageUrl":"https://glusuxtjthdxdjblswbl.supabase.co/storage/v1/object/public/assets/projects/cmi7kw1330001siyste5aaklh/backgrounds/scene_4_background.png","sceneId":"cmi7kwi5d000dsiys5csghvm8","videoPrompt":"Gentle zoom out from the future development plans concept image, showcasing overall improvement, smooth transition, 8 seconds duration"},"ts":1763698680853}}
{"time":"2025-11-21T04:18:00.900025Z","level":"INFO","msg":"received event","event":"veo/generation.requested","event_id":"01KAJA490NAZ12AWXGNN1ZX8F9","internal_id":"01KAJA490NAZ12AWXGNN1ZX8F9"}
{"time":"2025-11-21T04:18:00.900376Z","level":"INFO","msg":"initializing fn","event":"veo/generation.requested","event_id":"01KAJA490NAZ12AWXGNN1ZX8F9","internal_id":"01KAJA490NAZ12AWXGNN1ZX8F9","function":"veo-video-generator","function_id":"4b8f2ed2-38fa-5c76-af9d-34e6d3357976"}
{"time":"2025-11-21T04:18:01.152435Z","level":"INFO","msg":"received event","event":"inngest/function.finished","event_id":"01KAJA495P76QA2HF6FGDT56DQ","internal_id":"01KAJA495PJ6XVRJV2G9BMJQVS"}
{"time":"2025-11-21T04:18:03.403049Z","level":"INFO","msg":"publishing event","caller":"api","event_name":"veo/polling.requested","internal_id":"01KAJA4BG9XHJ0MSBB2KJW4JBA","external_id":"01KAJA4BG9XHJ0MSBB2KJW4JBA","event":{"id":"01KAJA4BG9XHJ0MSBB2KJW4JBA","name":"veo/polling.requested","data":{"maxAttempts":120,"operationName":"projects/bold-network-478100-e6/locations/us-central1/publishers/google/models/veo-3.0-fast-generate-001/operations/0578ded4-6f75-4850-a72c-1d0efa32d92d","sceneId":"cmi7kwi5d000dsiys5csghvm8"},"ts":1763698683401}}
{"time":"2025-11-21T04:18:03.410693Z","level":"INFO","msg":"received event","event":"veo/polling.requested","event_id":"01KAJA4BG9XHJ0MSBB2KJW4JBA","internal_id":"01KAJA4BG9XHJ0MSBB2KJW4JBA"}
{"time":"2025-11-21T04:18:03.410948Z","level":"INFO","msg":"initializing fn","event":"veo/polling.requested","event_id":"01KAJA4BG9XHJ0MSBB2KJW4JBA","internal_id":"01KAJA4BG9XHJ0MSBB2KJW4JBA","function":"veo-video-polling","function_id":"295f796b-52a9-5c8e-8b93-329ea7cdb504"}
{"time":"2025-11-21T04:18:03.662924Z","level":"INFO","msg":"received event","event":"inngest/function.finished","event_id":"01KAJA4BN4RE3VBP99GV02CYWF","internal_id":"01KAJA4BN4PK84583393NEF32S"}
{"time":"2025-11-21T04:18:34.908492Z","level":"INFO","msg":"publishing event","caller":"api","event_name":"veo/polling.requested","internal_id":"01KAJA5A8TXX0229NK1KEHEJAT","external_id":"01KAJA5A8TXX0229NK1KEHEJAT","event":{"id":"01KAJA5A8TXX0229NK1KEHEJAT","name":"veo/polling.requested","data":{"currentAttempt":2,"maxAttempts":120,"operationName":"projects/bold-network-478100-e6/locations/us-central1/publishers/google/models/veo-3.0-fast-generate-001/operations/0578ded4-6f75-4850-a72c-1d0efa32d92d","sceneId":"cmi7kwi5d000dsiys5csghvm8"},"ts":1763698714906}}
{"time":"2025-11-21T04:18:35.03533Z","level":"INFO","msg":"received event","event":"veo/polling.requested","event_id":"01KAJA5A8TXX0229NK1KEHEJAT","internal_id":"01KAJA5A8TXX0229NK1KEHEJAT"}
{"time":"2025-11-21T04:18:35.035689Z","level":"INFO","msg":"initializing fn","event":"veo/polling.requested","event_id":"01KAJA5A8TXX0229NK1KEHEJAT","internal_id":"01KAJA5A8TXX0229NK1KEHEJAT","function":"veo-video-polling","function_id":"295f796b-52a9-5c8e-8b93-329ea7cdb504"}
{"time":"2025-11-21T04:18:35.287868Z","level":"INFO","msg":"received event","event":"inngest/function.finished","event_id":"01KAJA5ADKJPRS6FG39HTZRM5A","internal_id":"01KAJA5ADKA32GHXDW2P5FK3VT"}
{"time":"2025-11-21T04:18:44.058163Z","level":"ERROR","msg":"error handling queue item","error":"output_too_large","item_kind":"sleep"}
{"time":"2025-11-21T04:19:20.874615Z","level":"ERROR","msg":"error handling queue item","error":"output_too_large","item_kind":"sleep"}
{"time":"2025-11-21T04:20:15.720906Z","level":"ERROR","msg":"error handling queue item","error":"output_too_large","item_kind":"sleep"}
{"time":"2025-11-21T04:21:27.352864Z","level":"ERROR","msg":"error handling queue item","error":"output_too_large","item_kind":"sleep"}
{"time":"2025-11-21T04:23:17.19726Z","level":"ERROR","msg":"error deserializing step error","error":"json: cannot unmarshal string into Go value of type models.StepError"}
{"time":"2025-11-21T04:23:37.407218Z","level":"INFO","msg":"received event","event":"inngest/function.failed","event_id":"01KAJA5ACVARRM3YBHH2N12G4F","internal_id":"01KAJAEHK758QFTJ3VYHCN2NXZ"}
{"time":"2025-11-21T04:23:37.408396Z","level":"INFO","msg":"received event","event":"inngest/function.finished","event_id":"01KAJAEHK7XVMAGNG2H1J5Z380","internal_id":"01KAJAEHK732PWT8GX0PZTP87D"}
{"time":"2025-11-21T04:23:37.727577Z","level":"ERROR","msg":"error deserializing step error","error":"json: cannot unmarshal string into Go value of type models.StepError"}
{"time":"2025-11-21T04:23:38.13142Z","level":"ERROR","msg":"error deserializing step error","error":"json: cannot unmarshal string into Go value of type models.StepError"}
{"time":"2025-11-21T04:23:38.533867Z","level":"ERROR","msg":"error deserializing step error","error":"json: cannot unmarshal string into Go value of type models.StepError"}
{"time":"2025-11-21T04:23:38.936629Z","level":"ERROR","msg":"error deserializing step error","error":"json: cannot unmarshal string into Go value of type models.StepError"}
{"time":"2025-11-21T04:23:39.338848Z","level":"ERROR","msg":"error deserializing step error","error":"json: cannot unmarshal string into Go value of type models.StepError"}
{"time":"2025-11-21T04:23:39.742626Z","level":"ERROR","msg":"error deserializing step error","error":"json: cannot unmarshal string into Go value of type models.StepError"}
{"time":"2025-11-21T04:23:40.145642Z","level":"ERROR","msg":"error deserializing step error","error":"json: cannot unmarshal string into Go value of type models.StepError"}
{"time":"2025-11-21T04:23:40.548473Z","level":"ERROR","msg":"error deserializing step error","error":"json: cannot unmarshal string into Go value of type models.StepError"}
{"time":"2025-11-21T04:23:40.954496Z","level":"ERROR","msg":"error deserializing step error","error":"json: cannot unmarshal string into Go value of type models.StepError"}
{"time":"2025-11-21T04:23:41.359238Z","level":"ERROR","msg":"error deserializing step error","error":"json: cannot unmarshal string into Go value of type models.StepError"}
{"time":"2025-11-21T04:23:41.761741Z","level":"ERROR","msg":"error deserializing step error","error":"json: cannot unmarshal string into Go value of type models.StepError"}
{"time":"2025-11-21T04:23:42.172247Z","level":"ERROR","msg":"error deserializing step error","error":"json: cannot unmarshal string into Go value of type models.StepError"}
{"time":"2025-11-21T04:23:42.5766Z","level":"ERROR","msg":"error deserializing step error","error":"json: cannot unmarshal string into Go value of type models.StepError"}
{"time":"2025-11-21T04:23:42.98542Z","level":"ERROR","msg":"error deserializing step error","error":"json: cannot unmarshal string into Go value of type models.StepError"}
{"time":"2025-11-21T04:23:43.395652Z","level":"ERROR","msg":"error deserializing step error","error":"json: cannot unmarshal string into Go value of type models.StepError"}
